<?xml version="1.0" encoding="UTF-8"?>
<testsuite name="org.example.AcademicOfficeTest2" tests="23" skipped="0" failures="0" errors="0" timestamp="2023-03-08T14:45:33" hostname="ashish" time="0.982">
  <properties/>
  <testcase name="printCourseTypeMenu()" classname="org.example.AcademicOfficeTest2" time="0.003"/>
  <testcase name="logOut()" classname="org.example.AcademicOfficeTest2" time="0.001"/>
  <testcase name="isAddCourseActive()" classname="org.example.AcademicOfficeTest2" time="0.011"/>
  <testcase name="runOffice2_err()" classname="org.example.AcademicOfficeTest2" time="0.029"/>
  <testcase name="runOffice3_err()" classname="org.example.AcademicOfficeTest2" time="0.032"/>
  <testcase name="printMainMenu()" classname="org.example.AcademicOfficeTest2" time="0.004"/>
  <testcase name="isGradesSubmissionEnded()" classname="org.example.AcademicOfficeTest2" time="0.005"/>
  <testcase name="printActivityMenu()" classname="org.example.AcademicOfficeTest2" time="0.005"/>
  <testcase name="runOffice1()" classname="org.example.AcademicOfficeTest2" time="0.042"/>
  <testcase name="runOffice2()" classname="org.example.AcademicOfficeTest2" time="0.041"/>
  <testcase name="runOffice3()" classname="org.example.AcademicOfficeTest2" time="0.036"/>
  <testcase name="runOffice4()" classname="org.example.AcademicOfficeTest2" time="0.041"/>
  <testcase name="runOffice5()" classname="org.example.AcademicOfficeTest2" time="0.028"/>
  <testcase name="runOffice6()" classname="org.example.AcademicOfficeTest2" time="0.1"/>
  <testcase name="runOffice7()" classname="org.example.AcademicOfficeTest2" time="0.031"/>
  <testcase name="runOffice8()" classname="org.example.AcademicOfficeTest2" time="0.024"/>
  <testcase name="runOffice9()" classname="org.example.AcademicOfficeTest2" time="0.021"/>
  <testcase name="printTranscriptMenu()" classname="org.example.AcademicOfficeTest2" time="0.002"/>
  <testcase name="runOffice2_1()" classname="org.example.AcademicOfficeTest2" time="0.036"/>
  <testcase name="runOffice5_1()" classname="org.example.AcademicOfficeTest2" time="0.035"/>
  <testcase name="runOffice7_1()" classname="org.example.AcademicOfficeTest2" time="0.026"/>
  <testcase name="runOffice8_1()" classname="org.example.AcademicOfficeTest2" time="0.02"/>
  <testcase name="runOffice10()" classname="org.example.AcademicOfficeTest2" time="0.021"/>
  <system-out><![CDATA[┌─────────────────────────────────┐
│        COURSE TYPE MENU         │
├────────────────┬────────────────┤
│    Options     │  Enter Choice  │
├────────────────┼────────────────┤
│  Program core  │       pc       │
├────────────────┼────────────────┤
│Engineering Core│       ec       │
├────────────────┼────────────────┤
│ Elective Core  │       el       │
└────────────────┴────────────────┘
Admin Successfully logged out!
┌────────────────────────────────────────────────┐
│                   MAIN MENU                    │
├───────────────────────────────────┬────────────┤
│              Options              │Enter Choice│
├───────────────────────────────────┼────────────┤
│          Change Profile           │     1      │
├───────────────────────────────────┼────────────┤
│          Create Session           │     2      │
├───────────────────────────────────┼────────────┤
│        Create New Activity        │     3      │
├───────────────────────────────────┼────────────┤
│       See Course Catalogue        │     4      │
├───────────────────────────────────┼────────────┤
│          Add new Course           │     5      │
├───────────────────────────────────┼────────────┤
│    Generate Student Transcript    │     6      │
├───────────────────────────────────┼────────────┤
│         Promote Students          │     7      │
├───────────────────────────────────┼────────────┤
│Add Course Prerequisites of Courses│     8      │
├───────────────────────────────────┼────────────┤
│            View Event             │     9      │
└───────────────────────────────────┴────────────┘
┌─────────────────────────────────────────┐
│              ACTIVITY MENU              │
├───────────────────────────┬─────────────┤
│          Options          │Enter Choice │
├───────────────────────────┼─────────────┤
│     Semester Running      │      0      │
├───────────────────────────┼─────────────┤
│    Course Float Starts    │      1      │
├───────────────────────────┼─────────────┤
│     Course Float Ends     │      2      │
├───────────────────────────┼─────────────┤
│Student Registration Begins│      3      │
├───────────────────────────┼─────────────┤
│ Student Registration Ends │      4      │
├───────────────────────────┼─────────────┤
│  Grade Submission Begins  │      5      │
├───────────────────────────┼─────────────┤
│   Grade Submissin Ends    │      6      │
├───────────────────────────┼─────────────┤
│      Semester Starts      │      7      │
├───────────────────────────┼─────────────┤
│       Semester Ends       │      8      │
└───────────────────────────┴─────────────┘
┌───────────────────────────────────────────┐
│              TRANSCRIPT MENU              │
├───────────────────────────┬───────────────┤
│          Options          │ Enter Choice  │
├───────────────────────────┼───────────────┤
│Generate for single student│       1       │
├───────────────────────────┼───────────────┤
│   Generate for a batch    │       2       │
└───────────────────────────┴───────────────┘
]]></system-out>
  <system-err><![CDATA[]]></system-err>
</testsuite>
