<?xml version="1.0" encoding="UTF-8"?>
<testsuite name="org.example.AuthenticatorTest" tests="1" skipped="0" failures="0" errors="0" timestamp="2023-03-08T14:45:34" hostname="ashish" time="0.053">
  <properties/>
  <testcase name="authenticate()" classname="org.example.AuthenticatorTest" time="0.053"/>
  <system-out><![CDATA[NO user found!!
]]></system-out>
  <system-err><![CDATA[]]></system-err>
</testsuite>
