<?xml version="1.0" encoding="UTF-8"?>
<testsuite name="org.example.InstructorTest" tests="16" skipped="0" failures="0" errors="0" timestamp="2023-03-08T14:45:34" hostname="ashish" time="0.654">
  <properties/>
  <testcase name="isGradesSubmissionStarted()" classname="org.example.InstructorTest" time="0.012"/>
  <testcase name="logOut()" classname="org.example.InstructorTest" time="0.001"/>
  <testcase name="runFaculty4_1()" classname="org.example.InstructorTest" time="0.057"/>
  <testcase name="runFaculty5_1()" classname="org.example.InstructorTest" time="0.021"/>
  <testcase name="runFaculty6_1()" classname="org.example.InstructorTest" time="0.02"/>
  <testcase name="runFaculty2()" classname="org.example.InstructorTest" time="0.025"/>
  <testcase name="runFaculty4()" classname="org.example.InstructorTest" time="0.056"/>
  <testcase name="runFaculty378910()" classname="org.example.InstructorTest" time="0.052"/>
  <testcase name="seeGrades()" classname="org.example.InstructorTest" time="0.012"/>
  <testcase name="printSeeGradesMenu()" classname="org.example.InstructorTest" time="0.001"/>
  <testcase name="printMainMenu()" classname="org.example.InstructorTest" time="0.002"/>
  <testcase name="deFloatCourse()" classname="org.example.InstructorTest" time="0.026"/>
  <testcase name="isCourseFloatActive()" classname="org.example.InstructorTest" time="0.004"/>
  <testcase name="runFaculty()" classname="org.example.InstructorTest" time="0.023"/>
  <testcase name="giveGrades()" classname="org.example.InstructorTest" time="0.044"/>
  <testcase name="floatCourse()" classname="org.example.InstructorTest" time="0.013"/>
  <system-out><![CDATA[Instructor Successfully logged out!
┌┬┬┬┬┬┬┬┬┬┬┬┬┬┬┬┬┬┬┬┬┬┬┬┬┬┬┬┬┬┬┬┬┬┬┬┬┬┬┬┬┬┬┬┬┬┬┬┬┬┬┬┬┬┬┬┬┬┬┐
├┴┴┴┴┴┴┴┴┴┴┴┴┴┴┴┴┴┴┴┴┴┴┴┴┼┴┴┴┴┴┴┴┴┴┼┴┴┴┴┴┴┴┴┼┴┴┴┴┴┴┼┴┴┴┴┴┴┴┤
│student_id              │course_id│semester│grades│credits│
├┬┬┬┬┬┬┬┬┬┬┬┬┬┬┬┬┬┬┬┬┬┬┬┬┼┬┬┬┬┬┬┬┬┬┼┬┬┬┬┬┬┬┬┼┬┬┬┬┬┬┼┬┬┬┬┬┬┬┤
├┴┴┴┴┴┴┴┴┴┴┴┴┴┴┴┴┴┴┴┴┴┴┴┴┼┴┴┴┴┴┴┴┴┴┼┴┴┴┴┴┴┴┴┼┴┴┴┴┴┴┼┴┴┴┴┴┴┴┤
│2020ceb1033@iitrpr.ac.in│CS305    │1       │F     │3.00   │
├────────────────────────┼─────────┼────────┼──────┼───────┤
│2020eeb1223@iitrpr.ac.in│GE111    │1       │B     │3.00   │
├────────────────────────┼─────────┼────────┼──────┼───────┤
│2020mmb1360@iitrpr.ac.in│HS301    │1       │B     │3.00   │
├────────────────────────┼─────────┼────────┼──────┼───────┤
│2020mmb1356@iitrpr.ac.in│HS301    │1       │B     │3.00   │
├────────────────────────┼─────────┼────────┼──────┼───────┤
│2020csb1101@iitrpr.ac.in│CS305    │1       │A     │3.00   │
├────────────────────────┼─────────┼────────┼──────┼───────┤
│2020csb1101@iitrpr.ac.in│HS301    │1       │A     │3.00   │
├────────────────────────┼─────────┼────────┼──────┼───────┤
│2020csb1101@iitrpr.ac.in│GE111    │1       │A     │3.00   │
├────────────────────────┼─────────┼────────┼──────┼───────┤
│2020csb1101@iitrpr.ac.in│CS306    │2       │B     │3.00   │
├────────────────────────┼─────────┼────────┼──────┼───────┤
│2020csb999@iitrpr.ac.in │DM103    │8       │A     │20.00  │
├────────────────────────┼─────────┼────────┼──────┼───────┤
│2020csb999@iitrpr.ac.in │DM104    │8       │A     │20.00  │
├────────────────────────┼─────────┼────────┼──────┼───────┤
│2020csb999@iitrpr.ac.in │DM102    │8       │A     │20.00  │
├────────────────────────┼─────────┼────────┼──────┼───────┤
│2020csb9999@iitrpr.ac.in│DM103    │8       │A     │20.00  │
├────────────────────────┼─────────┼────────┼──────┼───────┤
│2020csb9999@iitrpr.ac.in│DM104    │8       │A     │20.00  │
├────────────────────────┼─────────┼────────┼──────┼───────┤
│2020csb9999@iitrpr.ac.in│DM102    │8       │A     │20.00  │
├────────────────────────┼─────────┼────────┼──────┼───────┤
│2020csb9999@iitrpr.ac.in│CP301    │8       │A     │20.00  │
├────────────────────────┼─────────┼────────┼──────┼───────┤
│2020ceb1030@iitrpr.ac.in│DM102    │8       │A     │20.00  │
└────────────────────────┴─────────┴────────┴──────┴───────┘
ERROR: relation "student_record_2000" does not exist
  Position: 15
┌───────────────────────────────────────┐
│              GRADES MENU              │
├──────────────────────────┬────────────┤
│         Options          │Enter Choice│
├──────────────────────────┼────────────┤
│    See grades by year    │     1      │
├──────────────────────────┼────────────┤
│See Grades by entry number│     2      │
└──────────────────────────┴────────────┘
┌──────────────────────────────────────────┐
│                MAIN MENU                 │
├─────────────────────────────┬────────────┤
│           Options           │Enter Choice│
├─────────────────────────────┼────────────┤
│       Change Profile        │     1      │
├─────────────────────────────┼────────────┤
│         See Grades          │     2      │
├─────────────────────────────┼────────────┤
│    See Course Catalogue     │     3      │
├─────────────────────────────┼────────────┤
│Grade Upload through CSV file│     4      │
├─────────────────────────────┼────────────┤
│        Course Float         │     5      │
├─────────────────────────────┼────────────┤
│       Course Defloat        │     6      │
├─────────────────────────────┼────────────┤
│         View Event          │     7      │
├─────────────────────────────┼────────────┤
│     See Course Offering     │     8      │
└─────────────────────────────┴────────────┘
┌┬┬┬┬┬┬┬┬┬┬┬┬┬┬┬┬┬┬┬┬┬┬┬┬┬┬┬┬┬┬┬┬┬┬┬┬┬┬┬┬┬┬┬┬┬┬┬┬┬┬┬┬┬┬┬┬┬┬┬┬┬┬┬┐
├┴┴┴┴┴┴┴┴┴┼┴┴┴┴┴┼┴┴┴┴┴┴┴┼┴┴┴┴┴┴┴┼┴┼┴┼┴┼┴┴┴┴┴┴┴┼┴┴┴┴┴┴┴┴┴┴┴┼┴┴┴┴┴┤
│course_id│title│dept_id│req_sem│l│t│p│credits│course_type│batch│
├┬┬┬┬┬┬┬┬┬┼┬┬┬┬┬┼┬┬┬┬┬┬┬┼┬┬┬┬┬┬┬┼┬┼┬┼┬┼┬┬┬┬┬┬┬┼┬┬┬┬┬┬┬┬┬┬┬┼┬┬┬┬┬┤
└┴┴┴┴┴┴┴┴┴┴┴┴┴┴┴┴┴┴┴┴┴┴┴┴┴┴┴┴┴┴┴┴┴┴┴┴┴┴┴┴┴┴┴┴┴┴┴┴┴┴┴┴┴┴┴┴┴┴┴┴┴┴┴┘
The course and department that you have given are not compatible!
┌┬┬┬┬┬┬┬┬┬┬┬┬┬┬┬┬┬┬┬┬┬┬┬┬┬┬┬┬┬┬┬┬┬┬┬┬┬┬┬┬┬┬┬┬┬┬┬┬┬┬┬┬┬┬┬┬┬┬┬┬┬┬┬┬┬┬┬┬┬┐
├┴┴┴┴┴┴┴┴┴┼┴┴┴┴┴┼┴┴┴┴┴┴┴┼┴┴┴┴┴┴┴┼┴┴┴┼┴┴┴┼┴┴┴┼┴┴┴┴┴┴┴┼┴┴┴┴┴┴┴┴┴┴┴┼┴┴┴┴┴┤
│course_id│title│dept_id│req_sem│l  │t  │p  │credits│course_type│batch│
├┬┬┬┬┬┬┬┬┬┼┬┬┬┬┬┼┬┬┬┬┬┬┬┼┬┬┬┬┬┬┬┼┬┬┬┼┬┬┬┼┬┬┬┼┬┬┬┬┬┬┬┼┬┬┬┬┬┬┬┬┬┬┬┼┬┬┬┬┬┤
├┴┴┴┴┴┴┴┴┴┼┴┴┴┴┴┼┴┴┴┴┴┴┴┼┴┴┴┴┴┴┴┼┴┴┴┼┴┴┴┼┴┴┴┼┴┴┴┴┴┴┴┼┴┴┴┴┴┴┴┴┴┴┴┼┴┴┴┴┴┤
│DM102    │demo2│CSE    │1      │3.0│3.0│3.0│20.00  │pc         │2020 │
└─────────┴─────┴───────┴───────┴───┴───┴───┴───────┴───────────┴─────┘
Course floated successfully!
┌┬┬┬┬┬┬┬┬┬┬┬┬┬┬┬┬┬┬┬┬┬┬┬┬┬┬┬┬┬┬┬┬┬┬┬┬┬┬┬┬┬┬┬┬┬┬┬┬┬┬┬┬┬┬┬┬┬┬┬┬┬┬┬┐
├┴┴┴┴┴┴┴┴┴┼┴┴┴┴┴┼┴┴┴┴┴┴┴┼┴┴┴┴┴┴┴┼┴┼┴┼┴┼┴┴┴┴┴┴┴┼┴┴┴┴┴┴┴┴┴┴┴┼┴┴┴┴┴┤
│course_id│title│dept_id│req_sem│l│t│p│credits│course_type│batch│
├┬┬┬┬┬┬┬┬┬┼┬┬┬┬┬┼┬┬┬┬┬┬┬┼┬┬┬┬┬┬┬┼┬┼┬┼┬┼┬┬┬┬┬┬┬┼┬┬┬┬┬┬┬┬┬┬┬┼┬┬┬┬┬┤
└┴┴┴┴┴┴┴┴┴┴┴┴┴┴┴┴┴┴┴┴┴┴┴┴┴┴┴┴┴┴┴┴┴┴┴┴┴┴┴┴┴┴┴┴┴┴┴┴┴┴┴┴┴┴┴┴┴┴┴┴┴┴┴┘
The course and department that you have given are not compatible!
┌┬┬┬┬┬┬┬┬┬┬┬┬┬┬┬┬┬┬┬┬┬┬┬┬┬┬┬┬┬┬┬┬┬┬┬┬┬┬┬┬┬┬┬┬┬┬┬┬┬┬┬┬┬┬┬┬┬┬┬┬┬┬┬┬┬┬┬┬┬┐
├┴┴┴┴┴┴┴┴┴┼┴┴┴┴┴┼┴┴┴┴┴┴┴┼┴┴┴┴┴┴┴┼┴┴┴┼┴┴┴┼┴┴┴┼┴┴┴┴┴┴┴┼┴┴┴┴┴┴┴┴┴┴┴┼┴┴┴┴┴┤
│course_id│title│dept_id│req_sem│l  │t  │p  │credits│course_type│batch│
├┬┬┬┬┬┬┬┬┬┼┬┬┬┬┬┼┬┬┬┬┬┬┬┼┬┬┬┬┬┬┬┼┬┬┬┼┬┬┬┼┬┬┬┼┬┬┬┬┬┬┬┼┬┬┬┬┬┬┬┬┬┬┬┼┬┬┬┬┬┤
├┴┴┴┴┴┴┴┴┴┼┴┴┴┴┴┼┴┴┴┴┴┴┴┼┴┴┴┴┴┴┴┼┴┴┴┼┴┴┴┼┴┴┴┼┴┴┴┴┴┴┴┼┴┴┴┴┴┴┴┴┴┴┴┼┴┴┴┴┴┤
│DM102    │demo2│CSE    │1      │3.0│3.0│3.0│20.00  │pc         │2020 │
└─────────┴─────┴───────┴───────┴───┴───┴───┴───────┴───────────┴─────┘
Sorry you cannot defloat courses now!!
┌┬┬┬┬┬┬┬┬┬┬┬┬┬┬┬┬┬┬┬┬┬┬┬┬┬┬┬┬┬┬┬┬┬┬┬┬┬┬┬┬┬┬┬┬┬┬┬┬┬┬┬┬┬┬┬┬┬┬┬┬┬┬┬┬┬┬┬┬┬┐
├┴┴┴┴┴┴┴┴┴┼┴┴┴┴┴┼┴┴┴┴┴┴┴┼┴┴┴┴┴┴┴┼┴┴┴┼┴┴┴┼┴┴┴┼┴┴┴┴┴┴┴┼┴┴┴┴┴┴┴┴┴┴┴┼┴┴┴┴┴┤
│course_id│title│dept_id│req_sem│l  │t  │p  │credits│course_type│batch│
├┬┬┬┬┬┬┬┬┬┼┬┬┬┬┬┼┬┬┬┬┬┬┬┼┬┬┬┬┬┬┬┼┬┬┬┼┬┬┬┼┬┬┬┼┬┬┬┬┬┬┬┼┬┬┬┬┬┬┬┬┬┬┬┼┬┬┬┬┬┤
├┴┴┴┴┴┴┴┴┴┼┴┴┴┴┴┼┴┴┴┴┴┴┴┼┴┴┴┴┴┴┴┼┴┴┴┼┴┴┴┼┴┴┴┼┴┴┴┴┴┴┴┼┴┴┴┴┴┴┴┴┴┴┴┼┴┴┴┴┴┤
│DM102    │demo2│CSE    │1      │3.0│3.0│3.0│20.00  │pc         │2020 │
└─────────┴─────┴───────┴───────┴───┴───┴───┴───────┴───────────┴─────┘
Course defloated successfully!
Grades submission has not started yet!
No such course is available
ERROR: relation "student_record_2000" does not exist
  Position: 15
Grades UPDATED/INSERTED successfully!
┌┬┬┬┬┬┬┬┬┬┬┬┬┬┬┬┬┬┬┬┬┬┬┬┬┬┬┬┬┬┬┬┬┬┬┬┬┬┬┬┬┬┬┬┬┬┬┬┬┬┬┬┬┬┬┬┬┬┬┬┬┬┬┬┐
├┴┴┴┴┴┴┴┴┴┼┴┴┴┴┴┼┴┴┴┴┴┴┴┼┴┴┴┴┴┴┴┼┴┼┴┼┴┼┴┴┴┴┴┴┴┼┴┴┴┴┴┴┴┴┴┴┴┼┴┴┴┴┴┤
│course_id│title│dept_id│req_sem│l│t│p│credits│course_type│batch│
├┬┬┬┬┬┬┬┬┬┼┬┬┬┬┬┼┬┬┬┬┬┬┬┼┬┬┬┬┬┬┬┼┬┼┬┼┬┼┬┬┬┬┬┬┬┼┬┬┬┬┬┬┬┬┬┬┬┼┬┬┬┬┬┤
└┴┴┴┴┴┴┴┴┴┴┴┴┴┴┴┴┴┴┴┴┴┴┴┴┴┴┴┴┴┴┴┴┴┴┴┴┴┴┴┴┴┴┴┴┴┴┴┴┴┴┴┴┴┴┴┴┴┴┴┴┴┴┴┘
The course and department that you have given are not compatible!
┌┬┬┬┬┬┬┬┬┬┬┬┬┬┬┬┬┬┬┬┬┬┬┬┬┬┬┬┬┬┬┬┬┬┬┬┬┬┬┬┬┬┬┬┬┬┬┬┬┬┬┬┬┬┬┬┬┬┬┬┬┬┬┬┬┬┬┬┬┬┐
├┴┴┴┴┴┴┴┴┴┼┴┴┴┴┴┼┴┴┴┴┴┴┴┼┴┴┴┴┴┴┴┼┴┴┴┼┴┴┴┼┴┴┴┼┴┴┴┴┴┴┴┼┴┴┴┴┴┴┴┴┴┴┴┼┴┴┴┴┴┤
│course_id│title│dept_id│req_sem│l  │t  │p  │credits│course_type│batch│
├┬┬┬┬┬┬┬┬┬┼┬┬┬┬┬┼┬┬┬┬┬┬┬┼┬┬┬┬┬┬┬┼┬┬┬┼┬┬┬┼┬┬┬┼┬┬┬┬┬┬┬┼┬┬┬┬┬┬┬┬┬┬┬┼┬┬┬┬┬┤
├┴┴┴┴┴┴┴┴┴┼┴┴┴┴┴┼┴┴┴┴┴┴┴┼┴┴┴┴┴┴┴┼┴┴┴┼┴┴┴┼┴┴┴┼┴┴┴┴┴┴┴┼┴┴┴┴┴┴┴┴┴┴┴┼┴┴┴┴┴┤
│DM101    │demo2│DM     │1      │3.0│3.0│3.0│3.00   │pc         │2020 │
└─────────┴─────┴───────┴───────┴───┴───┴───┴───────┴───────────┴─────┘
Sorry you cannot float courses now!!
┌┬┬┬┬┬┬┬┬┬┬┬┬┬┬┬┬┬┬┬┬┬┬┬┬┬┬┬┬┬┬┬┬┬┬┬┬┬┬┬┬┬┬┬┬┬┬┬┬┬┬┬┬┬┬┬┬┬┬┬┬┬┬┬┬┬┬┬┬┬┐
├┴┴┴┴┴┴┴┴┴┼┴┴┴┴┴┼┴┴┴┴┴┴┴┼┴┴┴┴┴┴┴┼┴┴┴┼┴┴┴┼┴┴┴┼┴┴┴┴┴┴┴┼┴┴┴┴┴┴┴┴┴┴┴┼┴┴┴┴┴┤
│course_id│title│dept_id│req_sem│l  │t  │p  │credits│course_type│batch│
├┬┬┬┬┬┬┬┬┬┼┬┬┬┬┬┼┬┬┬┬┬┬┬┼┬┬┬┬┬┬┬┼┬┬┬┼┬┬┬┼┬┬┬┼┬┬┬┬┬┬┬┼┬┬┬┬┬┬┬┬┬┬┬┼┬┬┬┬┬┤
├┴┴┴┴┴┴┴┴┴┼┴┴┴┴┴┼┴┴┴┴┴┴┴┼┴┴┴┴┴┴┴┼┴┴┴┼┴┴┴┼┴┴┴┼┴┴┴┴┴┴┴┼┴┴┴┴┴┴┴┴┴┴┴┼┴┴┴┴┴┤
│DM102    │demo2│CSE    │1      │3.0│3.0│3.0│20.00  │pc         │2020 │
└─────────┴─────┴───────┴───────┴───┴───┴───┴───────┴───────────┴─────┘
Course floated successfully!
]]></system-out>
  <system-err><![CDATA[org.postgresql.util.PSQLException: ERROR: relation "student_record_2000" does not exist
  Position: 13
	at org.postgresql.core.v3.QueryExecutorImpl.receiveErrorResponse(QueryExecutorImpl.java:2676)
	at org.postgresql.core.v3.QueryExecutorImpl.processResults(QueryExecutorImpl.java:2366)
	at org.postgresql.core.v3.QueryExecutorImpl.execute(QueryExecutorImpl.java:356)
	at org.postgresql.jdbc.PgStatement.executeInternal(PgStatement.java:496)
	at org.postgresql.jdbc.PgStatement.execute(PgStatement.java:413)
	at org.postgresql.jdbc.PgPreparedStatement.executeWithFlags(PgPreparedStatement.java:190)
	at org.postgresql.jdbc.PgPreparedStatement.execute(PgPreparedStatement.java:177)
	at org.example.Instructor.giveGrades(Instructor.java:259)
	at org.example.InstructorTest.giveGrades(InstructorTest.java:183)
	at java.base/jdk.internal.reflect.NativeMethodAccessorImpl.invoke0(Native Method)
	at java.base/jdk.internal.reflect.NativeMethodAccessorImpl.invoke(NativeMethodAccessorImpl.java:62)
	at java.base/jdk.internal.reflect.DelegatingMethodAccessorImpl.invoke(DelegatingMethodAccessorImpl.java:43)
	at java.base/java.lang.reflect.Method.invoke(Method.java:566)
	at org.junit.platform.commons.util.ReflectionUtils.invokeMethod(ReflectionUtils.java:725)
	at org.junit.jupiter.engine.execution.MethodInvocation.proceed(MethodInvocation.java:60)
	at org.junit.jupiter.engine.execution.InvocationInterceptorChain$ValidatingInvocation.proceed(InvocationInterceptorChain.java:131)
	at org.junit.jupiter.engine.extension.TimeoutExtension.intercept(TimeoutExtension.java:149)
	at org.junit.jupiter.engine.extension.TimeoutExtension.interceptTestableMethod(TimeoutExtension.java:140)
	at org.junit.jupiter.engine.extension.TimeoutExtension.interceptTestMethod(TimeoutExtension.java:84)
	at org.junit.jupiter.engine.execution.ExecutableInvoker$ReflectiveInterceptorCall.lambda$ofVoidMethod$0(ExecutableInvoker.java:115)
	at org.junit.jupiter.engine.execution.ExecutableInvoker.lambda$invoke$0(ExecutableInvoker.java:105)
	at org.junit.jupiter.engine.execution.InvocationInterceptorChain$InterceptedInvocation.proceed(InvocationInterceptorChain.java:106)
	at org.junit.jupiter.engine.execution.InvocationInterceptorChain.proceed(InvocationInterceptorChain.java:64)
	at org.junit.jupiter.engine.execution.InvocationInterceptorChain.chainAndInvoke(InvocationInterceptorChain.java:45)
	at org.junit.jupiter.engine.execution.InvocationInterceptorChain.invoke(InvocationInterceptorChain.java:37)
	at org.junit.jupiter.engine.execution.ExecutableInvoker.invoke(ExecutableInvoker.java:104)
	at org.junit.jupiter.engine.execution.ExecutableInvoker.invoke(ExecutableInvoker.java:98)
	at org.junit.jupiter.engine.descriptor.TestMethodTestDescriptor.lambda$invokeTestMethod$7(TestMethodTestDescriptor.java:214)
	at org.junit.platform.engine.support.hierarchical.ThrowableCollector.execute(ThrowableCollector.java:73)
	at org.junit.jupiter.engine.descriptor.TestMethodTestDescriptor.invokeTestMethod(TestMethodTestDescriptor.java:210)
	at org.junit.jupiter.engine.descriptor.TestMethodTestDescriptor.execute(TestMethodTestDescriptor.java:135)
	at org.junit.jupiter.engine.descriptor.TestMethodTestDescriptor.execute(TestMethodTestDescriptor.java:66)
	at org.junit.platform.engine.support.hierarchical.NodeTestTask.lambda$executeRecursively$6(NodeTestTask.java:151)
	at org.junit.platform.engine.support.hierarchical.ThrowableCollector.execute(ThrowableCollector.java:73)
	at org.junit.platform.engine.support.hierarchical.NodeTestTask.lambda$executeRecursively$8(NodeTestTask.java:141)
	at org.junit.platform.engine.support.hierarchical.Node.around(Node.java:137)
	at org.junit.platform.engine.support.hierarchical.NodeTestTask.lambda$executeRecursively$9(NodeTestTask.java:139)
	at org.junit.platform.engine.support.hierarchical.ThrowableCollector.execute(ThrowableCollector.java:73)
	at org.junit.platform.engine.support.hierarchical.NodeTestTask.executeRecursively(NodeTestTask.java:138)
	at org.junit.platform.engine.support.hierarchical.NodeTestTask.execute(NodeTestTask.java:95)
	at java.base/java.util.ArrayList.forEach(ArrayList.java:1541)
	at org.junit.platform.engine.support.hierarchical.SameThreadHierarchicalTestExecutorService.invokeAll(SameThreadHierarchicalTestExecutorService.java:41)
	at org.junit.platform.engine.support.hierarchical.NodeTestTask.lambda$executeRecursively$6(NodeTestTask.java:155)
	at org.junit.platform.engine.support.hierarchical.ThrowableCollector.execute(ThrowableCollector.java:73)
	at org.junit.platform.engine.support.hierarchical.NodeTestTask.lambda$executeRecursively$8(NodeTestTask.java:141)
	at org.junit.platform.engine.support.hierarchical.Node.around(Node.java:137)
	at org.junit.platform.engine.support.hierarchical.NodeTestTask.lambda$executeRecursively$9(NodeTestTask.java:139)
	at org.junit.platform.engine.support.hierarchical.ThrowableCollector.execute(ThrowableCollector.java:73)
	at org.junit.platform.engine.support.hierarchical.NodeTestTask.executeRecursively(NodeTestTask.java:138)
	at org.junit.platform.engine.support.hierarchical.NodeTestTask.execute(NodeTestTask.java:95)
	at java.base/java.util.ArrayList.forEach(ArrayList.java:1541)
	at org.junit.platform.engine.support.hierarchical.SameThreadHierarchicalTestExecutorService.invokeAll(SameThreadHierarchicalTestExecutorService.java:41)
	at org.junit.platform.engine.support.hierarchical.NodeTestTask.lambda$executeRecursively$6(NodeTestTask.java:155)
	at org.junit.platform.engine.support.hierarchical.ThrowableCollector.execute(ThrowableCollector.java:73)
	at org.junit.platform.engine.support.hierarchical.NodeTestTask.lambda$executeRecursively$8(NodeTestTask.java:141)
	at org.junit.platform.engine.support.hierarchical.Node.around(Node.java:137)
	at org.junit.platform.engine.support.hierarchical.NodeTestTask.lambda$executeRecursively$9(NodeTestTask.java:139)
	at org.junit.platform.engine.support.hierarchical.ThrowableCollector.execute(ThrowableCollector.java:73)
	at org.junit.platform.engine.support.hierarchical.NodeTestTask.executeRecursively(NodeTestTask.java:138)
	at org.junit.platform.engine.support.hierarchical.NodeTestTask.execute(NodeTestTask.java:95)
	at org.junit.platform.engine.support.hierarchical.SameThreadHierarchicalTestExecutorService.submit(SameThreadHierarchicalTestExecutorService.java:35)
	at org.junit.platform.engine.support.hierarchical.HierarchicalTestExecutor.execute(HierarchicalTestExecutor.java:57)
	at org.junit.platform.engine.support.hierarchical.HierarchicalTestEngine.execute(HierarchicalTestEngine.java:54)
	at org.junit.platform.launcher.core.EngineExecutionOrchestrator.execute(EngineExecutionOrchestrator.java:107)
	at org.junit.platform.launcher.core.EngineExecutionOrchestrator.execute(EngineExecutionOrchestrator.java:88)
	at org.junit.platform.launcher.core.EngineExecutionOrchestrator.lambda$execute$0(EngineExecutionOrchestrator.java:54)
	at org.junit.platform.launcher.core.EngineExecutionOrchestrator.withInterceptedStreams(EngineExecutionOrchestrator.java:67)
	at org.junit.platform.launcher.core.EngineExecutionOrchestrator.execute(EngineExecutionOrchestrator.java:52)
	at org.junit.platform.launcher.core.DefaultLauncher.execute(DefaultLauncher.java:114)
	at org.junit.platform.launcher.core.DefaultLauncher.execute(DefaultLauncher.java:86)
	at org.junit.platform.launcher.core.DefaultLauncherSession$DelegatingLauncher.execute(DefaultLauncherSession.java:86)
	at org.junit.platform.launcher.core.SessionPerRequestLauncher.execute(SessionPerRequestLauncher.java:53)
	at org.gradle.api.internal.tasks.testing.junitplatform.JUnitPlatformTestClassProcessor$CollectAllTestClassesExecutor.processAllTestClasses(JUnitPlatformTestClassProcessor.java:99)
	at org.gradle.api.internal.tasks.testing.junitplatform.JUnitPlatformTestClassProcessor$CollectAllTestClassesExecutor.access$000(JUnitPlatformTestClassProcessor.java:79)
	at org.gradle.api.internal.tasks.testing.junitplatform.JUnitPlatformTestClassProcessor.stop(JUnitPlatformTestClassProcessor.java:75)
	at org.gradle.api.internal.tasks.testing.SuiteTestClassProcessor.stop(SuiteTestClassProcessor.java:61)
	at java.base/jdk.internal.reflect.NativeMethodAccessorImpl.invoke0(Native Method)
	at java.base/jdk.internal.reflect.NativeMethodAccessorImpl.invoke(NativeMethodAccessorImpl.java:62)
	at java.base/jdk.internal.reflect.DelegatingMethodAccessorImpl.invoke(DelegatingMethodAccessorImpl.java:43)
	at java.base/java.lang.reflect.Method.invoke(Method.java:566)
	at org.gradle.internal.dispatch.ReflectionDispatch.dispatch(ReflectionDispatch.java:36)
	at org.gradle.internal.dispatch.ReflectionDispatch.dispatch(ReflectionDispatch.java:24)
	at org.gradle.internal.dispatch.ContextClassLoaderDispatch.dispatch(ContextClassLoaderDispatch.java:33)
	at org.gradle.internal.dispatch.ProxyDispatchAdapter$DispatchingInvocationHandler.invoke(ProxyDispatchAdapter.java:94)
	at com.sun.proxy.$Proxy5.stop(Unknown Source)
	at org.gradle.api.internal.tasks.testing.worker.TestWorker$3.run(TestWorker.java:193)
	at org.gradle.api.internal.tasks.testing.worker.TestWorker.executeAndMaintainThreadName(TestWorker.java:129)
	at org.gradle.api.internal.tasks.testing.worker.TestWorker.execute(TestWorker.java:100)
	at org.gradle.api.internal.tasks.testing.worker.TestWorker.execute(TestWorker.java:60)
	at org.gradle.process.internal.worker.child.ActionExecutionWorker.execute(ActionExecutionWorker.java:56)
	at org.gradle.process.internal.worker.child.SystemApplicationClassLoaderWorker.call(SystemApplicationClassLoaderWorker.java:133)
	at org.gradle.process.internal.worker.child.SystemApplicationClassLoaderWorker.call(SystemApplicationClassLoaderWorker.java:71)
	at worker.org.gradle.process.internal.worker.GradleWorkerMain.run(GradleWorkerMain.java:69)
	at worker.org.gradle.process.internal.worker.GradleWorkerMain.main(GradleWorkerMain.java:74)
]]></system-err>
</testsuite>
