<?xml version="1.0" encoding="UTF-8"?>
<testsuite name="org.example.CsvToDatabaseTest" tests="9" skipped="0" failures="0" errors="0" timestamp="2023-03-08T14:45:34" hostname="ashish" time="0.12">
  <properties/>
  <testcase name="fillUserTable()" classname="org.example.CsvToDatabaseTest" time="0.053"/>
  <testcase name="fillDepartmentTable()" classname="org.example.CsvToDatabaseTest" time="0.0"/>
  <testcase name="fillCourseCatalogueTable()" classname="org.example.CsvToDatabaseTest" time="0.016"/>
  <testcase name="fillStudentTable()" classname="org.example.CsvToDatabaseTest" time="0.015"/>
  <testcase name="fillCourseTable()" classname="org.example.CsvToDatabaseTest" time="0.015"/>
  <testcase name="removeSpaces()" classname="org.example.CsvToDatabaseTest" time="0.001"/>
  <testcase name="main()" classname="org.example.CsvToDatabaseTest" time="0.0"/>
  <testcase name="fillPrereqTable()" classname="org.example.CsvToDatabaseTest" time="0.015"/>
  <testcase name="fillInstructorTable()" classname="org.example.CsvToDatabaseTest" time="0.001"/>
  <system-out><![CDATA[Data inserted successfully into the database.
Data inserted successfully into the database.
Data inserted successfully into the database.
Data inserted successfully into the database.
Data inserted successfully into the database.
Data inserted successfully into the database.
Data inserted successfully into the database.
]]></system-out>
  <system-err><![CDATA[]]></system-err>
</testsuite>
